<!DOCTYPE html>
<html>
<head>
<meta http-equiv="Content-Type" content="text/html; charset=utf-8"/>
<meta http-equiv="x-ua-compatible" content="IE=edge"/>
<title>Test results - Class TestRunnerRegression</title>
<link href="../css/base-style.css" rel="stylesheet" type="text/css"/>
<link href="../css/style.css" rel="stylesheet" type="text/css"/>
<script src="../js/report.js" type="text/javascript"></script>
</head>
<body>
<div id="content">
<h1>Class TestRunnerRegression</h1>
<div class="breadcrumbs">
<a href="../index.html">all</a> &gt; 
<a href="../packages/default-package.html">default-package</a> &gt; TestRunnerRegression</div>
<div id="summary">
<table>
<tr>
<td>
<div class="summaryGroup">
<table>
<tr>
<td>
<div class="infoBox" id="tests">
<div class="counter">0</div>
<p>tests</p>
</div>
</td>
<td>
<div class="infoBox" id="failures">
<div class="counter">0</div>
<p>failures</p>
</div>
</td>
<td>
<div class="infoBox" id="ignored">
<div class="counter">0</div>
<p>ignored</p>
</div>
</td>
<td>
<div class="infoBox" id="duration">
<div class="counter">-</div>
<p>duration</p>
</div>
</td>
</tr>
</table>
</div>
</td>
<td>
<div class="infoBox success" id="successRate">
<div class="percent">-</div>
<p>successful</p>
</div>
</td>
</tr>
</table>
</div>
<div id="tabs">
<ul class="tabLinks">
<li>
<a href="#tab0">Tests</a>
</li>
<li>
<a href="#tab1">Standard output</a>
</li>
</ul>
<div id="tab0" class="tab">
<h2>Tests</h2>
<table>
<thead>
<tr>
<th>Test</th>
<th>Duration</th>
<th>Result</th>
</tr>
</thead>
</table>
</div>
<div id="tab1" class="tab">
<h2>Standard output</h2>
<span class="code">
<pre>Feature: Check app functionality

  Background: Install the app     ?[90m# app.feature:4?[0m
    ?[32mGiven ?[0m?[32mthe application is open?[0m ?[90m# TestWsp.ffgfgg()?[0m

  @Regression
  Scenario: Test gallery icon                ?[90m# app.feature:14?[0m
    ?[32mWhen ?[0m?[32mthe user clicks on the gallery icon?[0m ?[90m# TestWsp.the_user_clicks_on_the_gallery_icon()?[0m
    ?[32mAnd ?[0m?[32maccess the gallery?[0m                   ?[90m# TestWsp.access_the_gallery()?[0m
    ?[32mThen ?[0m?[32mreturn to the main menu?[0m             ?[90m# TestWsp.return_to_the_main_menu()?[0m
Feature: Verify login functionality

  @Regression
  Scenario Outline: Login app               ?[90m# appLogin.feature:7?[0m
    ?[36mWhen ?[0m?[36muser enter the login view?[0m
    ?[36mAnd ?[0m?[36menter &lt;name&gt;, &lt;mail&gt; and &lt;password&gt;?[0m
    ?[36mThen ?[0m?[36mreturn to the main menu?[0m

    Examples: 

  Background: Install the app     ?[90m# appLogin.feature:3?[0m
    ?[32mGiven ?[0m?[32mthe application is open?[0m ?[90m# TestWsp.ffgfgg()?[0m

  @Regression
  Scenario Outline: Login app                                 ?[90m# appLogin.feature:14?[0m
    ?[32mWhen ?[0m?[32muser enter the login view?[0m                            ?[90m# TestWsp.user_enter_the_login_view()?[0m
    ?[32mAnd ?[0m?[32menter ?[0m?[32m?[1mMay?[0m?[32m,?[0m?[32m?[1m mpizarrob95@gmail.com?[0m?[32m and ?[0m?[32m?[1maz12345WsxEdc234?[0m ?[90m# TestWsp.enter_personal_data(String,String,String)?[0m
    ?[31mThen ?[0m?[31mreturn to the main menu?[0m                              ?[90m# TestWsp.return_to_the_main_menu()?[0m
      ?[31morg.openqa.selenium.NoSuchElementException: An element could not be located on the page using the given search parameters. (WARNING: The server did not provide any stacktrace information)
      Command duration or timeout: 0 milliseconds
      For documentation on this error, please visit: http://seleniumhq.org/exceptions/no_such_element.html
      Build info: version: '3.11.0', revision: 'e59cfb3', time: '2018-03-11T20:26:55.152Z'
      System info: host: 'NI-NTB-020', ip: '192.168.220.1', os.name: 'Windows 7', os.arch: 'amd64', os.version: '6.1', java.version: '1.8.0_121'
      Driver info: io.appium.java_client.android.AndroidDriver
      Capabilities {app: C:\Users\mpizarro\Downloads..., appActivity: com.application.zomato.bake..., appPackage: com.restwla.z88ab174d, appWaitActivity: com.application.zomato.bake..., appWaitPackage: com.restwla.z88ab174d, browser: , databaseEnabled: false, desired: {app: C:\Users\mpizarro\Downloads..., appPackage: com.restwla.z88ab174d, browser: , device: Android, deviceName: MayS8, platformName: android, platformVersion: 8.0}, device: Android, deviceManufacturer: samsung, deviceModel: SM-G950F, deviceName: 988a17353348335947, deviceScreenSize: 1440x2960, deviceUDID: 988a17353348335947, javascriptEnabled: true, locationContextEnabled: false, networkConnectionEnabled: true, platform: LINUX, platformName: LINUX, platformVersion: 8.0.0, takesScreenshot: true, warnings: {}, webStorageEnabled: false}
      Session ID: c1051eb6-5d89-4cf1-9ae1-611cac48bda4
      *** Element info: {Using=xpath, value=//android.widget.TextView[@text='Información']}
      	at sun.reflect.NativeConstructorAccessorImpl.newInstance0(Native Method)
      	at sun.reflect.NativeConstructorAccessorImpl.newInstance(NativeConstructorAccessorImpl.java:62)
      	at sun.reflect.DelegatingConstructorAccessorImpl.newInstance(DelegatingConstructorAccessorImpl.java:45)
      	at java.lang.reflect.Constructor.newInstance(Constructor.java:423)
      	at org.openqa.selenium.remote.ErrorHandler.createThrowable(ErrorHandler.java:214)
      	at org.openqa.selenium.remote.ErrorHandler.throwIfResponseFailed(ErrorHandler.java:166)
      	at org.openqa.selenium.remote.http.JsonHttpResponseCodec.reconstructValue(JsonHttpResponseCodec.java:40)
      	at org.openqa.selenium.remote.http.AbstractHttpResponseCodec.decode(AbstractHttpResponseCodec.java:80)
      	at org.openqa.selenium.remote.http.AbstractHttpResponseCodec.decode(AbstractHttpResponseCodec.java:44)
      	at org.openqa.selenium.remote.HttpCommandExecutor.execute(HttpCommandExecutor.java:158)
      	at io.appium.java_client.remote.AppiumCommandExecutor.execute(AppiumCommandExecutor.java:129)
      	at org.openqa.selenium.remote.RemoteWebDriver.execute(RemoteWebDriver.java:545)
      	at io.appium.java_client.DefaultGenericMobileDriver.execute(DefaultGenericMobileDriver.java:42)
      	at io.appium.java_client.AppiumDriver.execute(AppiumDriver.java:1)
      	at io.appium.java_client.android.AndroidDriver.execute(AndroidDriver.java:1)
      	at org.openqa.selenium.remote.RemoteWebDriver.findElement(RemoteWebDriver.java:319)
      	at io.appium.java_client.DefaultGenericMobileDriver.findElement(DefaultGenericMobileDriver.java:62)
      	at io.appium.java_client.AppiumDriver.findElement(AppiumDriver.java:1)
      	at io.appium.java_client.android.AndroidDriver.findElement(AndroidDriver.java:1)
      	at org.openqa.selenium.remote.RemoteWebDriver.findElementByXPath(RemoteWebDriver.java:421)
      	at io.appium.java_client.DefaultGenericMobileDriver.findElementByXPath(DefaultGenericMobileDriver.java:152)
      	at io.appium.java_client.AppiumDriver.findElementByXPath(AppiumDriver.java:1)
      	at io.appium.java_client.android.AndroidDriver.findElementByXPath(AndroidDriver.java:1)
      	at org.openqa.selenium.By$ByXPath.findElement(By.java:361)
      	at org.openqa.selenium.remote.RemoteWebDriver.findElement(RemoteWebDriver.java:311)
      	at io.appium.java_client.DefaultGenericMobileDriver.findElement(DefaultGenericMobileDriver.java:58)
      	at io.appium.java_client.AppiumDriver.findElement(AppiumDriver.java:1)
      	at io.appium.java_client.android.AndroidDriver.findElement(AndroidDriver.java:1)
      	at steps.TestWsp.return_to_the_main_menu(TestWsp.java:94)
      	at ?.Then return to the main menu(appLogin.feature:10)
      ?[0m

?[31mFailed scenarios:?[0m
?[31mappLogin.feature:14 ?[0m# Scenario Outline: Login app

2 Scenarios (?[31m1 failed?[0m, ?[32m1 passed?[0m)
8 Steps (?[31m1 failed?[0m, ?[32m7 passed?[0m)
1m45.492s

org.openqa.selenium.NoSuchElementException: An element could not be located on the page using the given search parameters. (WARNING: The server did not provide any stacktrace information)
Command duration or timeout: 0 milliseconds
For documentation on this error, please visit: http://seleniumhq.org/exceptions/no_such_element.html
Build info: version: '3.11.0', revision: 'e59cfb3', time: '2018-03-11T20:26:55.152Z'
System info: host: 'NI-NTB-020', ip: '192.168.220.1', os.name: 'Windows 7', os.arch: 'amd64', os.version: '6.1', java.version: '1.8.0_121'
Driver info: io.appium.java_client.android.AndroidDriver
Capabilities {app: C:\Users\mpizarro\Downloads..., appActivity: com.application.zomato.bake..., appPackage: com.restwla.z88ab174d, appWaitActivity: com.application.zomato.bake..., appWaitPackage: com.restwla.z88ab174d, browser: , databaseEnabled: false, desired: {app: C:\Users\mpizarro\Downloads..., appPackage: com.restwla.z88ab174d, browser: , device: Android, deviceName: MayS8, platformName: android, platformVersion: 8.0}, device: Android, deviceManufacturer: samsung, deviceModel: SM-G950F, deviceName: 988a17353348335947, deviceScreenSize: 1440x2960, deviceUDID: 988a17353348335947, javascriptEnabled: true, locationContextEnabled: false, networkConnectionEnabled: true, platform: LINUX, platformName: LINUX, platformVersion: 8.0.0, takesScreenshot: true, warnings: {}, webStorageEnabled: false}
Session ID: c1051eb6-5d89-4cf1-9ae1-611cac48bda4
*** Element info: {Using=xpath, value=//android.widget.TextView[@text='Información']}
	at sun.reflect.NativeConstructorAccessorImpl.newInstance0(Native Method)
	at sun.reflect.NativeConstructorAccessorImpl.newInstance(NativeConstructorAccessorImpl.java:62)
	at sun.reflect.DelegatingConstructorAccessorImpl.newInstance(DelegatingConstructorAccessorImpl.java:45)
	at java.lang.reflect.Constructor.newInstance(Constructor.java:423)
	at org.openqa.selenium.remote.ErrorHandler.createThrowable(ErrorHandler.java:214)
	at org.openqa.selenium.remote.ErrorHandler.throwIfResponseFailed(ErrorHandler.java:166)
	at org.openqa.selenium.remote.http.JsonHttpResponseCodec.reconstructValue(JsonHttpResponseCodec.java:40)
	at org.openqa.selenium.remote.http.AbstractHttpResponseCodec.decode(AbstractHttpResponseCodec.java:80)
	at org.openqa.selenium.remote.http.AbstractHttpResponseCodec.decode(AbstractHttpResponseCodec.java:44)
	at org.openqa.selenium.remote.HttpCommandExecutor.execute(HttpCommandExecutor.java:158)
	at io.appium.java_client.remote.AppiumCommandExecutor.execute(AppiumCommandExecutor.java:129)
	at org.openqa.selenium.remote.RemoteWebDriver.execute(RemoteWebDriver.java:545)
	at io.appium.java_client.DefaultGenericMobileDriver.execute(DefaultGenericMobileDriver.java:42)
	at io.appium.java_client.AppiumDriver.execute(AppiumDriver.java:1)
	at io.appium.java_client.android.AndroidDriver.execute(AndroidDriver.java:1)
	at org.openqa.selenium.remote.RemoteWebDriver.findElement(RemoteWebDriver.java:319)
	at io.appium.java_client.DefaultGenericMobileDriver.findElement(DefaultGenericMobileDriver.java:62)
	at io.appium.java_client.AppiumDriver.findElement(AppiumDriver.java:1)
	at io.appium.java_client.android.AndroidDriver.findElement(AndroidDriver.java:1)
	at org.openqa.selenium.remote.RemoteWebDriver.findElementByXPath(RemoteWebDriver.java:421)
	at io.appium.java_client.DefaultGenericMobileDriver.findElementByXPath(DefaultGenericMobileDriver.java:152)
	at io.appium.java_client.AppiumDriver.findElementByXPath(AppiumDriver.java:1)
	at io.appium.java_client.android.AndroidDriver.findElementByXPath(AndroidDriver.java:1)
	at org.openqa.selenium.By$ByXPath.findElement(By.java:361)
	at org.openqa.selenium.remote.RemoteWebDriver.findElement(RemoteWebDriver.java:311)
	at io.appium.java_client.DefaultGenericMobileDriver.findElement(DefaultGenericMobileDriver.java:58)
	at io.appium.java_client.AppiumDriver.findElement(AppiumDriver.java:1)
	at io.appium.java_client.android.AndroidDriver.findElement(AndroidDriver.java:1)
	at steps.TestWsp.return_to_the_main_menu(TestWsp.java:94)
	at ?.Then return to the main menu(appLogin.feature:10)

</pre>
</span>
</div>
</div>
<div id="footer">
<p>
<div>
<label class="hidden" id="label-for-line-wrapping-toggle" for="line-wrapping-toggle">Wrap lines
<input id="line-wrapping-toggle" type="checkbox" autocomplete="off"/>
</label>
</div>Generated by 
<a href="http://www.gradle.org">Gradle 3.3</a> at May 16, 2018 12:47:06 PM</p>
</div>
</div>
</body>
</html>
